<!DOCTYPE html>
<html>
  <head>
    <meta charset="utf-8"/>
    <title id="head-title">login_test_report.html</title>
      <link href="assets\style.css" rel="stylesheet" type="text/css"/>
  </head>
  <body>
    <h1 id="title">login_test_report.html</h1>
    <p>Report generated on 25-Jul-2025 at 18:30:04 by <a href="https://pypi.python.org/pypi/pytest-html">pytest-html</a>
        v4.1.1</p>
    <div id="environment-header">
      <h2>Environment</h2>
    </div>
    <table id="environment"></table>
    <!-- TEMPLATES -->
      <template id="template_environment_row">
      <tr>
        <td></td>
        <td></td>
      </tr>
    </template>
    <template id="template_results-table__body--empty">
      <tbody class="results-table-row">
        <tr id="not-found-message">
          <td colspan="4">No results found. Check the filters.</th>
        </tr>
    </template>
    <template id="template_results-table__tbody">
      <tbody class="results-table-row">
        <tr class="collapsible">
        </tr>
        <tr class="extras-row">
          <td class="extra" colspan="4">
            <div class="extraHTML"></div>
            <div class="media">
              <div class="media-container">
                  <div class="media-container__nav--left"><</div>
                  <div class="media-container__viewport">
                    <img src="" />
                    <video controls>
                      <source src="" type="video/mp4">
                    </video>
                  </div>
                  <div class="media-container__nav--right">></div>
                </div>
                <div class="media__name"></div>
                <div class="media__counter"></div>
            </div>
            <div class="logwrapper">
              <div class="logexpander"></div>
              <div class="log"></div>
            </div>
          </td>
        </tr>
      </tbody>
    </template>
    <!-- END TEMPLATES -->
    <div class="summary">
      <div class="summary__data">
        <h2>Summary</h2>
        <div class="additional-summary prefix">
        </div>
        <p class="run-count">12 tests took 00:02:59.</p>
        <p class="filter">(Un)check the boxes to filter the results.</p>
        <div class="summary__reload">
          <div class="summary__reload__button hidden" onclick="location.reload()">
            <div>There are still tests running. <br />Reload this page to get the latest results!</div>
          </div>
        </div>
        <div class="summary__spacer"></div>
        <div class="controls">
          <div class="filters">
            <input checked="true" class="filter" name="filter_checkbox" type="checkbox" data-test-result="failed" />
            <span class="failed">6 Failed,</span>
            <input checked="true" class="filter" name="filter_checkbox" type="checkbox" data-test-result="passed" />
            <span class="passed">6 Passed,</span>
            <input checked="true" class="filter" name="filter_checkbox" type="checkbox" data-test-result="skipped" disabled/>
            <span class="skipped">0 Skipped,</span>
            <input checked="true" class="filter" name="filter_checkbox" type="checkbox" data-test-result="xfailed" disabled/>
            <span class="xfailed">0 Expected failures,</span>
            <input checked="true" class="filter" name="filter_checkbox" type="checkbox" data-test-result="xpassed" disabled/>
            <span class="xpassed">0 Unexpected passes,</span>
            <input checked="true" class="filter" name="filter_checkbox" type="checkbox" data-test-result="error" disabled/>
            <span class="error">0 Errors,</span>
            <input checked="true" class="filter" name="filter_checkbox" type="checkbox" data-test-result="rerun" disabled/>
            <span class="rerun">0 Reruns</span>
          </div>
          <div class="collapse">
            <button id="show_all_details">Show all details</button>&nbsp;/&nbsp;<button id="hide_all_details">Hide all details</button>
          </div>
        </div>
      </div>
      <div class="additional-summary summary">
      </div>
      <div class="additional-summary postfix">
      </div>
    </div>
    <table id="results-table">
      <thead id="results-table-head">
        <tr>
          <th class="sortable" data-column-type="result">Result</th>
          <th class="sortable" data-column-type="testId">Test</th>
          <th class="sortable" data-column-type="duration">Duration</th>
          <th>Links</th>
        </tr>
      </thead>
    </table>
  </body>
  <footer>
    <div id="data-container" data-jsonblob="{&#34;environment&#34;: {&#34;Python&#34;: &#34;3.13.5&#34;, &#34;Platform&#34;: &#34;Windows-11-10.0.26100-SP0&#34;, &#34;Packages&#34;: {&#34;pytest&#34;: &#34;8.4.1&#34;, &#34;pluggy&#34;: &#34;1.6.0&#34;}, &#34;Plugins&#34;: {&#34;allure-pytest&#34;: &#34;2.14.3&#34;, &#34;bdd&#34;: &#34;8.1.0&#34;, &#34;html&#34;: &#34;4.1.1&#34;, &#34;metadata&#34;: &#34;3.1.1&#34;, &#34;xdist&#34;: &#34;3.7.0&#34;}}, &#34;tests&#34;: {&#34;tests/test_login.py::TestLogin::test_login_with_valid_credentials[chrome]&#34;: [{&#34;extras&#34;: [], &#34;result&#34;: &#34;Passed&#34;, &#34;testId&#34;: &#34;tests/test_login.py::TestLogin::test_login_with_valid_credentials[chrome]&#34;, &#34;duration&#34;: &#34;00:00:10&#34;, &#34;resultsTableRow&#34;: [&#34;&lt;td class=\&#34;col-result\&#34;&gt;Passed&lt;/td&gt;&#34;, &#34;&lt;td class=\&#34;col-testId\&#34;&gt;tests/test_login.py::TestLogin::test_login_with_valid_credentials[chrome]&lt;/td&gt;&#34;, &#34;&lt;td class=\&#34;col-duration\&#34;&gt;00:00:10&lt;/td&gt;&#34;, &#34;&lt;td class=\&#34;col-links\&#34;&gt;&lt;/td&gt;&#34;], &#34;log&#34;: &#34;------------------------------ Captured log setup ------------------------------\nINFO     test_logger:conftest.py:24 ------ Starting browser session ------\nINFO     test_logger:conftest.py:33 Navigating to: https://opensource-demo.orangehrmlive.com/web/index.php/auth/login\n\n------------------------------ Captured log call -------------------------------\nINFO     test_logger:test_login.py:18 User performing login with valid credentials.\nINFO     test_logger:login_page.py:21 User is entering the username\nINFO     test_logger:login_page.py:25 User is entering the password\nINFO     test_logger:login_page.py:29 User clicks on the login button\nINFO     test_logger:user_login.py:22 User is logged in successfully\n\n---------------------------- Captured log teardown -----------------------------\nINFO     test_logger:conftest.py:37 ------ Closing browser session ------&#34;}], &#34;tests/test_login.py::TestLogin::test_login_with_valid_credentials[edge]&#34;: [{&#34;extras&#34;: [], &#34;result&#34;: &#34;Passed&#34;, &#34;testId&#34;: &#34;tests/test_login.py::TestLogin::test_login_with_valid_credentials[edge]&#34;, &#34;duration&#34;: &#34;00:00:10&#34;, &#34;resultsTableRow&#34;: [&#34;&lt;td class=\&#34;col-result\&#34;&gt;Passed&lt;/td&gt;&#34;, &#34;&lt;td class=\&#34;col-testId\&#34;&gt;tests/test_login.py::TestLogin::test_login_with_valid_credentials[edge]&lt;/td&gt;&#34;, &#34;&lt;td class=\&#34;col-duration\&#34;&gt;00:00:10&lt;/td&gt;&#34;, &#34;&lt;td class=\&#34;col-links\&#34;&gt;&lt;/td&gt;&#34;], &#34;log&#34;: &#34;------------------------------ Captured log setup ------------------------------\nINFO     test_logger:conftest.py:24 ------ Starting browser session ------\nINFO     test_logger:conftest.py:33 Navigating to: https://opensource-demo.orangehrmlive.com/web/index.php/auth/login\n\n------------------------------ Captured log call -------------------------------\nINFO     test_logger:test_login.py:18 User performing login with valid credentials.\nINFO     test_logger:login_page.py:21 User is entering the username\nINFO     test_logger:login_page.py:25 User is entering the password\nINFO     test_logger:login_page.py:29 User clicks on the login button\nINFO     test_logger:user_login.py:22 User is logged in successfully\n\n---------------------------- Captured log teardown -----------------------------\nINFO     test_logger:conftest.py:37 ------ Closing browser session ------&#34;}], &#34;tests/test_login.py::TestLogin::test_login_with_invalid_credentials[chrome-Admin-pass123]&#34;: [{&#34;extras&#34;: [], &#34;result&#34;: &#34;Passed&#34;, &#34;testId&#34;: &#34;tests/test_login.py::TestLogin::test_login_with_invalid_credentials[chrome-Admin-pass123]&#34;, &#34;duration&#34;: &#34;00:00:10&#34;, &#34;resultsTableRow&#34;: [&#34;&lt;td class=\&#34;col-result\&#34;&gt;Passed&lt;/td&gt;&#34;, &#34;&lt;td class=\&#34;col-testId\&#34;&gt;tests/test_login.py::TestLogin::test_login_with_invalid_credentials[chrome-Admin-pass123]&lt;/td&gt;&#34;, &#34;&lt;td class=\&#34;col-duration\&#34;&gt;00:00:10&lt;/td&gt;&#34;, &#34;&lt;td class=\&#34;col-links\&#34;&gt;&lt;/td&gt;&#34;], &#34;log&#34;: &#34;------------------------------ Captured log setup ------------------------------\nINFO     test_logger:conftest.py:24 ------ Starting browser session ------\nINFO     test_logger:conftest.py:33 Navigating to: https://opensource-demo.orangehrmlive.com/web/index.php/auth/login\n\n------------------------------ Captured log call -------------------------------\nINFO     test_logger:test_login.py:28 Attempting login with invalid credentials.\nINFO     test_logger:login_page.py:21 User is entering the username\nINFO     test_logger:login_page.py:25 User is entering the password\nINFO     test_logger:login_page.py:29 User clicks on the login button\nINFO     test_logger:test_login.py:31 Error message validated successfully for invalid login attempt\n\n---------------------------- Captured log teardown -----------------------------\nINFO     test_logger:conftest.py:37 ------ Closing browser session ------&#34;}], &#34;tests/test_login.py::TestLogin::test_login_with_invalid_credentials[chrome--abc123]&#34;: [{&#34;extras&#34;: [{&#34;name&#34;: &#34;Image&#34;, &#34;format_type&#34;: &#34;image&#34;, &#34;content&#34;: &#34;screenshots\\test_login_with_invalid_credentials[chrome--abc123]_2025-07-25_18-27-52.png&#34;, &#34;mime_type&#34;: &#34;image/png&#34;, &#34;extension&#34;: &#34;png&#34;}], &#34;result&#34;: &#34;Failed&#34;, &#34;testId&#34;: &#34;tests/test_login.py::TestLogin::test_login_with_invalid_credentials[chrome--abc123]&#34;, &#34;duration&#34;: &#34;00:00:19&#34;, &#34;resultsTableRow&#34;: [&#34;&lt;td class=\&#34;col-result\&#34;&gt;Failed&lt;/td&gt;&#34;, &#34;&lt;td class=\&#34;col-testId\&#34;&gt;tests/test_login.py::TestLogin::test_login_with_invalid_credentials[chrome--abc123]&lt;/td&gt;&#34;, &#34;&lt;td class=\&#34;col-duration\&#34;&gt;00:00:19&lt;/td&gt;&#34;, &#34;&lt;td class=\&#34;col-links\&#34;&gt;&lt;/td&gt;&#34;], &#34;log&#34;: &#34;tests\\test_login.py:29: in test_login_with_invalid_credentials\n    message = perform_invalid_login(driver, username, password)\n              ^^^^^^^^^^^^^^^^^^^^^^^^^^^^^^^^^^^^^^^^^^^^^^^^^\nhelpers\\user_login.py:30: in perform_invalid_login\n    error_displayed = user_login.get_error_message()\n                      ^^^^^^^^^^^^^^^^^^^^^^^^^^^^^^\npages\\login_page.py:41: in get_error_message\n    message = self.get_text(self.INVALID_CREDENTIALS)\n              ^^^^^^^^^^^^^^^^^^^^^^^^^^^^^^^^^^^^^^^\npages\\base_page.py:34: in get_text\n    return self.wait_for_element(locator).text\n           ^^^^^^^^^^^^^^^^^^^^^^^^^^^^^^\npages\\base_page.py:18: in wait_for_element\n    element = WebDriverWait(self.driver, self.TIMEOUT).until(\n..\\..\\AppData\\Local\\Programs\\Python\\Python313\\Lib\\site-packages\\selenium\\webdriver\\support\\wait.py:138: in until\n    raise TimeoutException(message, screen, stacktrace)\nE   selenium.common.exceptions.TimeoutException: Message: \nE   Stacktrace:\nE   \tGetHandleVerifier [0x0x7ff6ff42e935+77845]\nE   \tGetHandleVerifier [0x0x7ff6ff42e990+77936]\nE   \t(No symbol) [0x0x7ff6ff1e9cda]\nE   \t(No symbol) [0x0x7ff6ff2406aa]\nE   \t(No symbol) [0x0x7ff6ff24095c]\nE   \t(No symbol) [0x0x7ff6ff293d07]\nE   \t(No symbol) [0x0x7ff6ff26890f]\nE   \t(No symbol) [0x0x7ff6ff290b07]\nE   \t(No symbol) [0x0x7ff6ff2686a3]\nE   \t(No symbol) [0x0x7ff6ff231791]\nE   \t(No symbol) [0x0x7ff6ff232523]\nE   \tGetHandleVerifier [0x0x7ff6ff70684d+3059501]\nE   \tGetHandleVerifier [0x0x7ff6ff700c0d+3035885]\nE   \tGetHandleVerifier [0x0x7ff6ff720400+3164896]\nE   \tGetHandleVerifier [0x0x7ff6ff448c3e+185118]\nE   \tGetHandleVerifier [0x0x7ff6ff45054f+216111]\nE   \tGetHandleVerifier [0x0x7ff6ff4372e4+113092]\nE   \tGetHandleVerifier [0x0x7ff6ff437499+113529]\nE   \tGetHandleVerifier [0x0x7ff6ff41e298+10616]\nE   \t(No symbol) [0x0x7ffcc8a4e8d7]\nE   \tRtlUserThreadStart [0x0x7ffcc9b3c34c+44]\n\n------------------------------ Captured log setup ------------------------------\nINFO     test_logger:conftest.py:24 ------ Starting browser session ------\nINFO     test_logger:conftest.py:33 Navigating to: https://opensource-demo.orangehrmlive.com/web/index.php/auth/login\n\n------------------------------ Captured log call -------------------------------\nINFO     test_logger:test_login.py:28 Attempting login with invalid credentials.\nINFO     test_logger:login_page.py:21 User is entering the username\nINFO     test_logger:login_page.py:25 User is entering the password\nINFO     test_logger:login_page.py:29 User clicks on the login button\nERROR    test_logger:base_page.py:22 Timeout waiting for element (&amp;#x27;xpath&amp;#x27;, &amp;quot;//p[text()=&amp;#x27;Invalid credentials&amp;#x27;]&amp;quot;)\nERROR    test_logger:user_login.py:33 Unexpected exception occurred during invalid login test: Message: \nStacktrace:\n\tGetHandleVerifier [0x0x7ff6ff42e935+77845]\n\tGetHandleVerifier [0x0x7ff6ff42e990+77936]\n\t(No symbol) [0x0x7ff6ff1e9cda]\n\t(No symbol) [0x0x7ff6ff2406aa]\n\t(No symbol) [0x0x7ff6ff24095c]\n\t(No symbol) [0x0x7ff6ff293d07]\n\t(No symbol) [0x0x7ff6ff26890f]\n\t(No symbol) [0x0x7ff6ff290b07]\n\t(No symbol) [0x0x7ff6ff2686a3]\n\t(No symbol) [0x0x7ff6ff231791]\n\t(No symbol) [0x0x7ff6ff232523]\n\tGetHandleVerifier [0x0x7ff6ff70684d+3059501]\n\tGetHandleVerifier [0x0x7ff6ff700c0d+3035885]\n\tGetHandleVerifier [0x0x7ff6ff720400+3164896]\n\tGetHandleVerifier [0x0x7ff6ff448c3e+185118]\n\tGetHandleVerifier [0x0x7ff6ff45054f+216111]\n\tGetHandleVerifier [0x0x7ff6ff4372e4+113092]\n\tGetHandleVerifier [0x0x7ff6ff437499+113529]\n\tGetHandleVerifier [0x0x7ff6ff41e298+10616]\n\t(No symbol) [0x0x7ffcc8a4e8d7]\n\tRtlUserThreadStart [0x0x7ffcc9b3c34c+44]\nTraceback (most recent call last):\n  File &amp;quot;C:\\Users\\Reethu_Thomas\\PycharmProjects\\PyTestFramework_UI\\helpers\\user_login.py&amp;quot;, line 30, in perform_invalid_login\n    error_displayed = user_login.get_error_message()\n  File &amp;quot;C:\\Users\\Reethu_Thomas\\PycharmProjects\\PyTestFramework_UI\\pages\\login_page.py&amp;quot;, line 41, in get_error_message\n    message = self.get_text(self.INVALID_CREDENTIALS)\n  File &amp;quot;C:\\Users\\Reethu_Thomas\\PycharmProjects\\PyTestFramework_UI\\pages\\base_page.py&amp;quot;, line 34, in get_text\n    return self.wait_for_element(locator).text\n           ~~~~~~~~~~~~~~~~~~~~~^^^^^^^^^\n  File &amp;quot;C:\\Users\\Reethu_Thomas\\PycharmProjects\\PyTestFramework_UI\\pages\\base_page.py&amp;quot;, line 18, in wait_for_element\n    element = WebDriverWait(self.driver, self.TIMEOUT).until(\n        EC.visibility_of_element_located(locator))\n  File &amp;quot;C:\\Users\\Reethu_Thomas\\AppData\\Local\\Programs\\Python\\Python313\\Lib\\site-packages\\selenium\\webdriver\\support\\wait.py&amp;quot;, line 138, in until\n    raise TimeoutException(message, screen, stacktrace)\nselenium.common.exceptions.TimeoutException: Message: \nStacktrace:\n\tGetHandleVerifier [0x0x7ff6ff42e935+77845]\n\tGetHandleVerifier [0x0x7ff6ff42e990+77936]\n\t(No symbol) [0x0x7ff6ff1e9cda]\n\t(No symbol) [0x0x7ff6ff2406aa]\n\t(No symbol) [0x0x7ff6ff24095c]\n\t(No symbol) [0x0x7ff6ff293d07]\n\t(No symbol) [0x0x7ff6ff26890f]\n\t(No symbol) [0x0x7ff6ff290b07]\n\t(No symbol) [0x0x7ff6ff2686a3]\n\t(No symbol) [0x0x7ff6ff231791]\n\t(No symbol) [0x0x7ff6ff232523]\n\tGetHandleVerifier [0x0x7ff6ff70684d+3059501]\n\tGetHandleVerifier [0x0x7ff6ff700c0d+3035885]\n\tGetHandleVerifier [0x0x7ff6ff720400+3164896]\n\tGetHandleVerifier [0x0x7ff6ff448c3e+185118]\n\tGetHandleVerifier [0x0x7ff6ff45054f+216111]\n\tGetHandleVerifier [0x0x7ff6ff4372e4+113092]\n\tGetHandleVerifier [0x0x7ff6ff437499+113529]\n\tGetHandleVerifier [0x0x7ff6ff41e298+10616]\n\t(No symbol) [0x0x7ffcc8a4e8d7]\n\tRtlUserThreadStart [0x0x7ffcc9b3c34c+44]\n\n---------------------------- Captured log teardown -----------------------------\nINFO     test_logger:conftest.py:37 ------ Closing browser session ------&#34;}], &#34;tests/test_login.py::TestLogin::test_login_with_invalid_credentials[chrome-Admin-]&#34;: [{&#34;extras&#34;: [{&#34;name&#34;: &#34;Image&#34;, &#34;format_type&#34;: &#34;image&#34;, &#34;content&#34;: &#34;screenshots\\test_login_with_invalid_credentials[chrome-Admin-]_2025-07-25_18-28-11.png&#34;, &#34;mime_type&#34;: &#34;image/png&#34;, &#34;extension&#34;: &#34;png&#34;}], &#34;result&#34;: &#34;Failed&#34;, &#34;testId&#34;: &#34;tests/test_login.py::TestLogin::test_login_with_invalid_credentials[chrome-Admin-]&#34;, &#34;duration&#34;: &#34;00:00:19&#34;, &#34;resultsTableRow&#34;: [&#34;&lt;td class=\&#34;col-result\&#34;&gt;Failed&lt;/td&gt;&#34;, &#34;&lt;td class=\&#34;col-testId\&#34;&gt;tests/test_login.py::TestLogin::test_login_with_invalid_credentials[chrome-Admin-]&lt;/td&gt;&#34;, &#34;&lt;td class=\&#34;col-duration\&#34;&gt;00:00:19&lt;/td&gt;&#34;, &#34;&lt;td class=\&#34;col-links\&#34;&gt;&lt;/td&gt;&#34;], &#34;log&#34;: &#34;tests\\test_login.py:29: in test_login_with_invalid_credentials\n    message = perform_invalid_login(driver, username, password)\n              ^^^^^^^^^^^^^^^^^^^^^^^^^^^^^^^^^^^^^^^^^^^^^^^^^\nhelpers\\user_login.py:30: in perform_invalid_login\n    error_displayed = user_login.get_error_message()\n                      ^^^^^^^^^^^^^^^^^^^^^^^^^^^^^^\npages\\login_page.py:41: in get_error_message\n    message = self.get_text(self.INVALID_CREDENTIALS)\n              ^^^^^^^^^^^^^^^^^^^^^^^^^^^^^^^^^^^^^^^\npages\\base_page.py:34: in get_text\n    return self.wait_for_element(locator).text\n           ^^^^^^^^^^^^^^^^^^^^^^^^^^^^^^\npages\\base_page.py:18: in wait_for_element\n    element = WebDriverWait(self.driver, self.TIMEOUT).until(\n..\\..\\AppData\\Local\\Programs\\Python\\Python313\\Lib\\site-packages\\selenium\\webdriver\\support\\wait.py:138: in until\n    raise TimeoutException(message, screen, stacktrace)\nE   selenium.common.exceptions.TimeoutException: Message: \nE   Stacktrace:\nE   \tGetHandleVerifier [0x0x7ff6ff42e935+77845]\nE   \tGetHandleVerifier [0x0x7ff6ff42e990+77936]\nE   \t(No symbol) [0x0x7ff6ff1e9cda]\nE   \t(No symbol) [0x0x7ff6ff2406aa]\nE   \t(No symbol) [0x0x7ff6ff24095c]\nE   \t(No symbol) [0x0x7ff6ff293d07]\nE   \t(No symbol) [0x0x7ff6ff26890f]\nE   \t(No symbol) [0x0x7ff6ff290b07]\nE   \t(No symbol) [0x0x7ff6ff2686a3]\nE   \t(No symbol) [0x0x7ff6ff231791]\nE   \t(No symbol) [0x0x7ff6ff232523]\nE   \tGetHandleVerifier [0x0x7ff6ff70684d+3059501]\nE   \tGetHandleVerifier [0x0x7ff6ff700c0d+3035885]\nE   \tGetHandleVerifier [0x0x7ff6ff720400+3164896]\nE   \tGetHandleVerifier [0x0x7ff6ff448c3e+185118]\nE   \tGetHandleVerifier [0x0x7ff6ff45054f+216111]\nE   \tGetHandleVerifier [0x0x7ff6ff4372e4+113092]\nE   \tGetHandleVerifier [0x0x7ff6ff437499+113529]\nE   \tGetHandleVerifier [0x0x7ff6ff41e298+10616]\nE   \t(No symbol) [0x0x7ffcc8a4e8d7]\nE   \tRtlUserThreadStart [0x0x7ffcc9b3c34c+44]\n\n------------------------------ Captured log setup ------------------------------\nINFO     test_logger:conftest.py:24 ------ Starting browser session ------\nINFO     test_logger:conftest.py:33 Navigating to: https://opensource-demo.orangehrmlive.com/web/index.php/auth/login\n\n------------------------------ Captured log call -------------------------------\nINFO     test_logger:test_login.py:28 Attempting login with invalid credentials.\nINFO     test_logger:login_page.py:21 User is entering the username\nINFO     test_logger:login_page.py:25 User is entering the password\nINFO     test_logger:login_page.py:29 User clicks on the login button\nERROR    test_logger:base_page.py:22 Timeout waiting for element (&amp;#x27;xpath&amp;#x27;, &amp;quot;//p[text()=&amp;#x27;Invalid credentials&amp;#x27;]&amp;quot;)\nERROR    test_logger:user_login.py:33 Unexpected exception occurred during invalid login test: Message: \nStacktrace:\n\tGetHandleVerifier [0x0x7ff6ff42e935+77845]\n\tGetHandleVerifier [0x0x7ff6ff42e990+77936]\n\t(No symbol) [0x0x7ff6ff1e9cda]\n\t(No symbol) [0x0x7ff6ff2406aa]\n\t(No symbol) [0x0x7ff6ff24095c]\n\t(No symbol) [0x0x7ff6ff293d07]\n\t(No symbol) [0x0x7ff6ff26890f]\n\t(No symbol) [0x0x7ff6ff290b07]\n\t(No symbol) [0x0x7ff6ff2686a3]\n\t(No symbol) [0x0x7ff6ff231791]\n\t(No symbol) [0x0x7ff6ff232523]\n\tGetHandleVerifier [0x0x7ff6ff70684d+3059501]\n\tGetHandleVerifier [0x0x7ff6ff700c0d+3035885]\n\tGetHandleVerifier [0x0x7ff6ff720400+3164896]\n\tGetHandleVerifier [0x0x7ff6ff448c3e+185118]\n\tGetHandleVerifier [0x0x7ff6ff45054f+216111]\n\tGetHandleVerifier [0x0x7ff6ff4372e4+113092]\n\tGetHandleVerifier [0x0x7ff6ff437499+113529]\n\tGetHandleVerifier [0x0x7ff6ff41e298+10616]\n\t(No symbol) [0x0x7ffcc8a4e8d7]\n\tRtlUserThreadStart [0x0x7ffcc9b3c34c+44]\nTraceback (most recent call last):\n  File &amp;quot;C:\\Users\\Reethu_Thomas\\PycharmProjects\\PyTestFramework_UI\\helpers\\user_login.py&amp;quot;, line 30, in perform_invalid_login\n    error_displayed = user_login.get_error_message()\n  File &amp;quot;C:\\Users\\Reethu_Thomas\\PycharmProjects\\PyTestFramework_UI\\pages\\login_page.py&amp;quot;, line 41, in get_error_message\n    message = self.get_text(self.INVALID_CREDENTIALS)\n  File &amp;quot;C:\\Users\\Reethu_Thomas\\PycharmProjects\\PyTestFramework_UI\\pages\\base_page.py&amp;quot;, line 34, in get_text\n    return self.wait_for_element(locator).text\n           ~~~~~~~~~~~~~~~~~~~~~^^^^^^^^^\n  File &amp;quot;C:\\Users\\Reethu_Thomas\\PycharmProjects\\PyTestFramework_UI\\pages\\base_page.py&amp;quot;, line 18, in wait_for_element\n    element = WebDriverWait(self.driver, self.TIMEOUT).until(\n        EC.visibility_of_element_located(locator))\n  File &amp;quot;C:\\Users\\Reethu_Thomas\\AppData\\Local\\Programs\\Python\\Python313\\Lib\\site-packages\\selenium\\webdriver\\support\\wait.py&amp;quot;, line 138, in until\n    raise TimeoutException(message, screen, stacktrace)\nselenium.common.exceptions.TimeoutException: Message: \nStacktrace:\n\tGetHandleVerifier [0x0x7ff6ff42e935+77845]\n\tGetHandleVerifier [0x0x7ff6ff42e990+77936]\n\t(No symbol) [0x0x7ff6ff1e9cda]\n\t(No symbol) [0x0x7ff6ff2406aa]\n\t(No symbol) [0x0x7ff6ff24095c]\n\t(No symbol) [0x0x7ff6ff293d07]\n\t(No symbol) [0x0x7ff6ff26890f]\n\t(No symbol) [0x0x7ff6ff290b07]\n\t(No symbol) [0x0x7ff6ff2686a3]\n\t(No symbol) [0x0x7ff6ff231791]\n\t(No symbol) [0x0x7ff6ff232523]\n\tGetHandleVerifier [0x0x7ff6ff70684d+3059501]\n\tGetHandleVerifier [0x0x7ff6ff700c0d+3035885]\n\tGetHandleVerifier [0x0x7ff6ff720400+3164896]\n\tGetHandleVerifier [0x0x7ff6ff448c3e+185118]\n\tGetHandleVerifier [0x0x7ff6ff45054f+216111]\n\tGetHandleVerifier [0x0x7ff6ff4372e4+113092]\n\tGetHandleVerifier [0x0x7ff6ff437499+113529]\n\tGetHandleVerifier [0x0x7ff6ff41e298+10616]\n\t(No symbol) [0x0x7ffcc8a4e8d7]\n\tRtlUserThreadStart [0x0x7ffcc9b3c34c+44]\n\n---------------------------- Captured log teardown -----------------------------\nINFO     test_logger:conftest.py:37 ------ Closing browser session ------&#34;}], &#34;tests/test_login.py::TestLogin::test_login_with_invalid_credentials[edge-Admin-pass123]&#34;: [{&#34;extras&#34;: [], &#34;result&#34;: &#34;Passed&#34;, &#34;testId&#34;: &#34;tests/test_login.py::TestLogin::test_login_with_invalid_credentials[edge-Admin-pass123]&#34;, &#34;duration&#34;: &#34;00:00:10&#34;, &#34;resultsTableRow&#34;: [&#34;&lt;td class=\&#34;col-result\&#34;&gt;Passed&lt;/td&gt;&#34;, &#34;&lt;td class=\&#34;col-testId\&#34;&gt;tests/test_login.py::TestLogin::test_login_with_invalid_credentials[edge-Admin-pass123]&lt;/td&gt;&#34;, &#34;&lt;td class=\&#34;col-duration\&#34;&gt;00:00:10&lt;/td&gt;&#34;, &#34;&lt;td class=\&#34;col-links\&#34;&gt;&lt;/td&gt;&#34;], &#34;log&#34;: &#34;------------------------------ Captured log setup ------------------------------\nINFO     test_logger:conftest.py:24 ------ Starting browser session ------\nINFO     test_logger:conftest.py:33 Navigating to: https://opensource-demo.orangehrmlive.com/web/index.php/auth/login\n\n------------------------------ Captured log call -------------------------------\nINFO     test_logger:test_login.py:28 Attempting login with invalid credentials.\nINFO     test_logger:login_page.py:21 User is entering the username\nINFO     test_logger:login_page.py:25 User is entering the password\nINFO     test_logger:login_page.py:29 User clicks on the login button\nINFO     test_logger:test_login.py:31 Error message validated successfully for invalid login attempt\n\n---------------------------- Captured log teardown -----------------------------\nINFO     test_logger:conftest.py:37 ------ Closing browser session ------&#34;}], &#34;tests/test_login.py::TestLogin::test_login_with_invalid_credentials[edge--abc123]&#34;: [{&#34;extras&#34;: [{&#34;name&#34;: &#34;Image&#34;, &#34;format_type&#34;: &#34;image&#34;, &#34;content&#34;: &#34;screenshots\\test_login_with_invalid_credentials[edge--abc123]_2025-07-25_18-28-41.png&#34;, &#34;mime_type&#34;: &#34;image/png&#34;, &#34;extension&#34;: &#34;png&#34;}], &#34;result&#34;: &#34;Failed&#34;, &#34;testId&#34;: &#34;tests/test_login.py::TestLogin::test_login_with_invalid_credentials[edge--abc123]&#34;, &#34;duration&#34;: &#34;00:00:19&#34;, &#34;resultsTableRow&#34;: [&#34;&lt;td class=\&#34;col-result\&#34;&gt;Failed&lt;/td&gt;&#34;, &#34;&lt;td class=\&#34;col-testId\&#34;&gt;tests/test_login.py::TestLogin::test_login_with_invalid_credentials[edge--abc123]&lt;/td&gt;&#34;, &#34;&lt;td class=\&#34;col-duration\&#34;&gt;00:00:19&lt;/td&gt;&#34;, &#34;&lt;td class=\&#34;col-links\&#34;&gt;&lt;/td&gt;&#34;], &#34;log&#34;: &#34;tests\\test_login.py:29: in test_login_with_invalid_credentials\n    message = perform_invalid_login(driver, username, password)\n              ^^^^^^^^^^^^^^^^^^^^^^^^^^^^^^^^^^^^^^^^^^^^^^^^^\nhelpers\\user_login.py:30: in perform_invalid_login\n    error_displayed = user_login.get_error_message()\n                      ^^^^^^^^^^^^^^^^^^^^^^^^^^^^^^\npages\\login_page.py:41: in get_error_message\n    message = self.get_text(self.INVALID_CREDENTIALS)\n              ^^^^^^^^^^^^^^^^^^^^^^^^^^^^^^^^^^^^^^^\npages\\base_page.py:34: in get_text\n    return self.wait_for_element(locator).text\n           ^^^^^^^^^^^^^^^^^^^^^^^^^^^^^^\npages\\base_page.py:18: in wait_for_element\n    element = WebDriverWait(self.driver, self.TIMEOUT).until(\n..\\..\\AppData\\Local\\Programs\\Python\\Python313\\Lib\\site-packages\\selenium\\webdriver\\support\\wait.py:138: in until\n    raise TimeoutException(message, screen, stacktrace)\nE   selenium.common.exceptions.TimeoutException: Message: \nE   Stacktrace:\nE   \tGetHandleVerifier [0x0x7ff7d68181f5+23461]\nE   \t(No symbol) [0x0x7ff7d676c2e0]\nE   \tGetHandleVerifier [0x0x7ff7d6a90128+2611928]\nE   \t(No symbol) [0x0x7ff7d65891a8]\nE   \t(No symbol) [0x0x7ff7d658946b]\nE   \t(No symbol) [0x0x7ff7d65c9a67]\nE   \t(No symbol) [0x0x7ff7d65aa6ff]\nE   \t(No symbol) [0x0x7ff7d657f58d]\nE   \t(No symbol) [0x0x7ff7d65c754f]\nE   \t(No symbol) [0x0x7ff7d65aa423]\nE   \t(No symbol) [0x0x7ff7d657ea86]\nE   \t(No symbol) [0x0x7ff7d657dd11]\nE   \t(No symbol) [0x0x7ff7d657e8b3]\nE   \t(No symbol) [0x0x7ff7d667dd3d]\nE   \t(No symbol) [0x0x7ff7d668b0c8]\nE   \tGetHandleVerifier [0x0x7ff7d68f803b+940523]\nE   \tGetHandleVerifier [0x0x7ff7d6900d91+976705]\nE   \t(No symbol) [0x0x7ff7d6779ed1]\nE   \t(No symbol) [0x0x7ff7d67728b4]\nE   \t(No symbol) [0x0x7ff7d6772a03]\nE   \t(No symbol) [0x0x7ff7d67644a6]\nE   \t(No symbol) [0x0x7ffcc8a4e8d7]\nE   \tRtlUserThreadStart [0x0x7ffcc9b3c34c+44]\n\n------------------------------ Captured log setup ------------------------------\nINFO     test_logger:conftest.py:24 ------ Starting browser session ------\nINFO     test_logger:conftest.py:33 Navigating to: https://opensource-demo.orangehrmlive.com/web/index.php/auth/login\n\n------------------------------ Captured log call -------------------------------\nINFO     test_logger:test_login.py:28 Attempting login with invalid credentials.\nINFO     test_logger:login_page.py:21 User is entering the username\nINFO     test_logger:login_page.py:25 User is entering the password\nINFO     test_logger:login_page.py:29 User clicks on the login button\nERROR    test_logger:base_page.py:22 Timeout waiting for element (&amp;#x27;xpath&amp;#x27;, &amp;quot;//p[text()=&amp;#x27;Invalid credentials&amp;#x27;]&amp;quot;)\nERROR    test_logger:user_login.py:33 Unexpected exception occurred during invalid login test: Message: \nStacktrace:\n\tGetHandleVerifier [0x0x7ff7d68181f5+23461]\n\t(No symbol) [0x0x7ff7d676c2e0]\n\tGetHandleVerifier [0x0x7ff7d6a90128+2611928]\n\t(No symbol) [0x0x7ff7d65891a8]\n\t(No symbol) [0x0x7ff7d658946b]\n\t(No symbol) [0x0x7ff7d65c9a67]\n\t(No symbol) [0x0x7ff7d65aa6ff]\n\t(No symbol) [0x0x7ff7d657f58d]\n\t(No symbol) [0x0x7ff7d65c754f]\n\t(No symbol) [0x0x7ff7d65aa423]\n\t(No symbol) [0x0x7ff7d657ea86]\n\t(No symbol) [0x0x7ff7d657dd11]\n\t(No symbol) [0x0x7ff7d657e8b3]\n\t(No symbol) [0x0x7ff7d667dd3d]\n\t(No symbol) [0x0x7ff7d668b0c8]\n\tGetHandleVerifier [0x0x7ff7d68f803b+940523]\n\tGetHandleVerifier [0x0x7ff7d6900d91+976705]\n\t(No symbol) [0x0x7ff7d6779ed1]\n\t(No symbol) [0x0x7ff7d67728b4]\n\t(No symbol) [0x0x7ff7d6772a03]\n\t(No symbol) [0x0x7ff7d67644a6]\n\t(No symbol) [0x0x7ffcc8a4e8d7]\n\tRtlUserThreadStart [0x0x7ffcc9b3c34c+44]\nTraceback (most recent call last):\n  File &amp;quot;C:\\Users\\Reethu_Thomas\\PycharmProjects\\PyTestFramework_UI\\helpers\\user_login.py&amp;quot;, line 30, in perform_invalid_login\n    error_displayed = user_login.get_error_message()\n  File &amp;quot;C:\\Users\\Reethu_Thomas\\PycharmProjects\\PyTestFramework_UI\\pages\\login_page.py&amp;quot;, line 41, in get_error_message\n    message = self.get_text(self.INVALID_CREDENTIALS)\n  File &amp;quot;C:\\Users\\Reethu_Thomas\\PycharmProjects\\PyTestFramework_UI\\pages\\base_page.py&amp;quot;, line 34, in get_text\n    return self.wait_for_element(locator).text\n           ~~~~~~~~~~~~~~~~~~~~~^^^^^^^^^\n  File &amp;quot;C:\\Users\\Reethu_Thomas\\PycharmProjects\\PyTestFramework_UI\\pages\\base_page.py&amp;quot;, line 18, in wait_for_element\n    element = WebDriverWait(self.driver, self.TIMEOUT).until(\n        EC.visibility_of_element_located(locator))\n  File &amp;quot;C:\\Users\\Reethu_Thomas\\AppData\\Local\\Programs\\Python\\Python313\\Lib\\site-packages\\selenium\\webdriver\\support\\wait.py&amp;quot;, line 138, in until\n    raise TimeoutException(message, screen, stacktrace)\nselenium.common.exceptions.TimeoutException: Message: \nStacktrace:\n\tGetHandleVerifier [0x0x7ff7d68181f5+23461]\n\t(No symbol) [0x0x7ff7d676c2e0]\n\tGetHandleVerifier [0x0x7ff7d6a90128+2611928]\n\t(No symbol) [0x0x7ff7d65891a8]\n\t(No symbol) [0x0x7ff7d658946b]\n\t(No symbol) [0x0x7ff7d65c9a67]\n\t(No symbol) [0x0x7ff7d65aa6ff]\n\t(No symbol) [0x0x7ff7d657f58d]\n\t(No symbol) [0x0x7ff7d65c754f]\n\t(No symbol) [0x0x7ff7d65aa423]\n\t(No symbol) [0x0x7ff7d657ea86]\n\t(No symbol) [0x0x7ff7d657dd11]\n\t(No symbol) [0x0x7ff7d657e8b3]\n\t(No symbol) [0x0x7ff7d667dd3d]\n\t(No symbol) [0x0x7ff7d668b0c8]\n\tGetHandleVerifier [0x0x7ff7d68f803b+940523]\n\tGetHandleVerifier [0x0x7ff7d6900d91+976705]\n\t(No symbol) [0x0x7ff7d6779ed1]\n\t(No symbol) [0x0x7ff7d67728b4]\n\t(No symbol) [0x0x7ff7d6772a03]\n\t(No symbol) [0x0x7ff7d67644a6]\n\t(No symbol) [0x0x7ffcc8a4e8d7]\n\tRtlUserThreadStart [0x0x7ffcc9b3c34c+44]\n\n---------------------------- Captured log teardown -----------------------------\nINFO     test_logger:conftest.py:37 ------ Closing browser session ------&#34;}], &#34;tests/test_login.py::TestLogin::test_login_with_invalid_credentials[edge-Admin-]&#34;: [{&#34;extras&#34;: [{&#34;name&#34;: &#34;Image&#34;, &#34;format_type&#34;: &#34;image&#34;, &#34;content&#34;: &#34;screenshots\\test_login_with_invalid_credentials[edge-Admin-]_2025-07-25_18-29-00.png&#34;, &#34;mime_type&#34;: &#34;image/png&#34;, &#34;extension&#34;: &#34;png&#34;}], &#34;result&#34;: &#34;Failed&#34;, &#34;testId&#34;: &#34;tests/test_login.py::TestLogin::test_login_with_invalid_credentials[edge-Admin-]&#34;, &#34;duration&#34;: &#34;00:00:19&#34;, &#34;resultsTableRow&#34;: [&#34;&lt;td class=\&#34;col-result\&#34;&gt;Failed&lt;/td&gt;&#34;, &#34;&lt;td class=\&#34;col-testId\&#34;&gt;tests/test_login.py::TestLogin::test_login_with_invalid_credentials[edge-Admin-]&lt;/td&gt;&#34;, &#34;&lt;td class=\&#34;col-duration\&#34;&gt;00:00:19&lt;/td&gt;&#34;, &#34;&lt;td class=\&#34;col-links\&#34;&gt;&lt;/td&gt;&#34;], &#34;log&#34;: &#34;tests\\test_login.py:29: in test_login_with_invalid_credentials\n    message = perform_invalid_login(driver, username, password)\n              ^^^^^^^^^^^^^^^^^^^^^^^^^^^^^^^^^^^^^^^^^^^^^^^^^\nhelpers\\user_login.py:30: in perform_invalid_login\n    error_displayed = user_login.get_error_message()\n                      ^^^^^^^^^^^^^^^^^^^^^^^^^^^^^^\npages\\login_page.py:41: in get_error_message\n    message = self.get_text(self.INVALID_CREDENTIALS)\n              ^^^^^^^^^^^^^^^^^^^^^^^^^^^^^^^^^^^^^^^\npages\\base_page.py:34: in get_text\n    return self.wait_for_element(locator).text\n           ^^^^^^^^^^^^^^^^^^^^^^^^^^^^^^\npages\\base_page.py:18: in wait_for_element\n    element = WebDriverWait(self.driver, self.TIMEOUT).until(\n..\\..\\AppData\\Local\\Programs\\Python\\Python313\\Lib\\site-packages\\selenium\\webdriver\\support\\wait.py:138: in until\n    raise TimeoutException(message, screen, stacktrace)\nE   selenium.common.exceptions.TimeoutException: Message: \nE   Stacktrace:\nE   \tGetHandleVerifier [0x0x7ff7d68181f5+23461]\nE   \t(No symbol) [0x0x7ff7d676c2e0]\nE   \tGetHandleVerifier [0x0x7ff7d6a90128+2611928]\nE   \t(No symbol) [0x0x7ff7d65891a8]\nE   \t(No symbol) [0x0x7ff7d658946b]\nE   \t(No symbol) [0x0x7ff7d65c9a67]\nE   \t(No symbol) [0x0x7ff7d65aa6ff]\nE   \t(No symbol) [0x0x7ff7d657f58d]\nE   \t(No symbol) [0x0x7ff7d65c754f]\nE   \t(No symbol) [0x0x7ff7d65aa423]\nE   \t(No symbol) [0x0x7ff7d657ea86]\nE   \t(No symbol) [0x0x7ff7d657dd11]\nE   \t(No symbol) [0x0x7ff7d657e8b3]\nE   \t(No symbol) [0x0x7ff7d667dd3d]\nE   \t(No symbol) [0x0x7ff7d668b0c8]\nE   \tGetHandleVerifier [0x0x7ff7d68f803b+940523]\nE   \tGetHandleVerifier [0x0x7ff7d6900d91+976705]\nE   \t(No symbol) [0x0x7ff7d6779ed1]\nE   \t(No symbol) [0x0x7ff7d67728b4]\nE   \t(No symbol) [0x0x7ff7d6772a03]\nE   \t(No symbol) [0x0x7ff7d67644a6]\nE   \t(No symbol) [0x0x7ffcc8a4e8d7]\nE   \tRtlUserThreadStart [0x0x7ffcc9b3c34c+44]\n\n------------------------------ Captured log setup ------------------------------\nINFO     test_logger:conftest.py:24 ------ Starting browser session ------\nINFO     test_logger:conftest.py:33 Navigating to: https://opensource-demo.orangehrmlive.com/web/index.php/auth/login\n\n------------------------------ Captured log call -------------------------------\nINFO     test_logger:test_login.py:28 Attempting login with invalid credentials.\nINFO     test_logger:login_page.py:21 User is entering the username\nINFO     test_logger:login_page.py:25 User is entering the password\nINFO     test_logger:login_page.py:29 User clicks on the login button\nERROR    test_logger:base_page.py:22 Timeout waiting for element (&amp;#x27;xpath&amp;#x27;, &amp;quot;//p[text()=&amp;#x27;Invalid credentials&amp;#x27;]&amp;quot;)\nERROR    test_logger:user_login.py:33 Unexpected exception occurred during invalid login test: Message: \nStacktrace:\n\tGetHandleVerifier [0x0x7ff7d68181f5+23461]\n\t(No symbol) [0x0x7ff7d676c2e0]\n\tGetHandleVerifier [0x0x7ff7d6a90128+2611928]\n\t(No symbol) [0x0x7ff7d65891a8]\n\t(No symbol) [0x0x7ff7d658946b]\n\t(No symbol) [0x0x7ff7d65c9a67]\n\t(No symbol) [0x0x7ff7d65aa6ff]\n\t(No symbol) [0x0x7ff7d657f58d]\n\t(No symbol) [0x0x7ff7d65c754f]\n\t(No symbol) [0x0x7ff7d65aa423]\n\t(No symbol) [0x0x7ff7d657ea86]\n\t(No symbol) [0x0x7ff7d657dd11]\n\t(No symbol) [0x0x7ff7d657e8b3]\n\t(No symbol) [0x0x7ff7d667dd3d]\n\t(No symbol) [0x0x7ff7d668b0c8]\n\tGetHandleVerifier [0x0x7ff7d68f803b+940523]\n\tGetHandleVerifier [0x0x7ff7d6900d91+976705]\n\t(No symbol) [0x0x7ff7d6779ed1]\n\t(No symbol) [0x0x7ff7d67728b4]\n\t(No symbol) [0x0x7ff7d6772a03]\n\t(No symbol) [0x0x7ff7d67644a6]\n\t(No symbol) [0x0x7ffcc8a4e8d7]\n\tRtlUserThreadStart [0x0x7ffcc9b3c34c+44]\nTraceback (most recent call last):\n  File &amp;quot;C:\\Users\\Reethu_Thomas\\PycharmProjects\\PyTestFramework_UI\\helpers\\user_login.py&amp;quot;, line 30, in perform_invalid_login\n    error_displayed = user_login.get_error_message()\n  File &amp;quot;C:\\Users\\Reethu_Thomas\\PycharmProjects\\PyTestFramework_UI\\pages\\login_page.py&amp;quot;, line 41, in get_error_message\n    message = self.get_text(self.INVALID_CREDENTIALS)\n  File &amp;quot;C:\\Users\\Reethu_Thomas\\PycharmProjects\\PyTestFramework_UI\\pages\\base_page.py&amp;quot;, line 34, in get_text\n    return self.wait_for_element(locator).text\n           ~~~~~~~~~~~~~~~~~~~~~^^^^^^^^^\n  File &amp;quot;C:\\Users\\Reethu_Thomas\\PycharmProjects\\PyTestFramework_UI\\pages\\base_page.py&amp;quot;, line 18, in wait_for_element\n    element = WebDriverWait(self.driver, self.TIMEOUT).until(\n        EC.visibility_of_element_located(locator))\n  File &amp;quot;C:\\Users\\Reethu_Thomas\\AppData\\Local\\Programs\\Python\\Python313\\Lib\\site-packages\\selenium\\webdriver\\support\\wait.py&amp;quot;, line 138, in until\n    raise TimeoutException(message, screen, stacktrace)\nselenium.common.exceptions.TimeoutException: Message: \nStacktrace:\n\tGetHandleVerifier [0x0x7ff7d68181f5+23461]\n\t(No symbol) [0x0x7ff7d676c2e0]\n\tGetHandleVerifier [0x0x7ff7d6a90128+2611928]\n\t(No symbol) [0x0x7ff7d65891a8]\n\t(No symbol) [0x0x7ff7d658946b]\n\t(No symbol) [0x0x7ff7d65c9a67]\n\t(No symbol) [0x0x7ff7d65aa6ff]\n\t(No symbol) [0x0x7ff7d657f58d]\n\t(No symbol) [0x0x7ff7d65c754f]\n\t(No symbol) [0x0x7ff7d65aa423]\n\t(No symbol) [0x0x7ff7d657ea86]\n\t(No symbol) [0x0x7ff7d657dd11]\n\t(No symbol) [0x0x7ff7d657e8b3]\n\t(No symbol) [0x0x7ff7d667dd3d]\n\t(No symbol) [0x0x7ff7d668b0c8]\n\tGetHandleVerifier [0x0x7ff7d68f803b+940523]\n\tGetHandleVerifier [0x0x7ff7d6900d91+976705]\n\t(No symbol) [0x0x7ff7d6779ed1]\n\t(No symbol) [0x0x7ff7d67728b4]\n\t(No symbol) [0x0x7ff7d6772a03]\n\t(No symbol) [0x0x7ff7d67644a6]\n\t(No symbol) [0x0x7ffcc8a4e8d7]\n\tRtlUserThreadStart [0x0x7ffcc9b3c34c+44]\n\n---------------------------- Captured log teardown -----------------------------\nINFO     test_logger:conftest.py:37 ------ Closing browser session ------&#34;}], &#34;tests/test_login.py::TestLogin::test_login_with_empty_credentials[chrome]&#34;: [{&#34;extras&#34;: [{&#34;name&#34;: &#34;Image&#34;, &#34;format_type&#34;: &#34;image&#34;, &#34;content&#34;: &#34;screenshots\\test_login_with_empty_credentials[chrome]_2025-07-25_18-29-20.png&#34;, &#34;mime_type&#34;: &#34;image/png&#34;, &#34;extension&#34;: &#34;png&#34;}], &#34;result&#34;: &#34;Failed&#34;, &#34;testId&#34;: &#34;tests/test_login.py::TestLogin::test_login_with_empty_credentials[chrome]&#34;, &#34;duration&#34;: &#34;00:00:20&#34;, &#34;resultsTableRow&#34;: [&#34;&lt;td class=\&#34;col-result\&#34;&gt;Failed&lt;/td&gt;&#34;, &#34;&lt;td class=\&#34;col-testId\&#34;&gt;tests/test_login.py::TestLogin::test_login_with_empty_credentials[chrome]&lt;/td&gt;&#34;, &#34;&lt;td class=\&#34;col-duration\&#34;&gt;00:00:20&lt;/td&gt;&#34;, &#34;&lt;td class=\&#34;col-links\&#34;&gt;&lt;/td&gt;&#34;], &#34;log&#34;: &#34;tests\\test_login.py:37: in test_login_with_empty_credentials\n    perform_invalid_login(driver, &amp;quot;&amp;quot;, &amp;quot;&amp;quot;)\nhelpers\\user_login.py:30: in perform_invalid_login\n    error_displayed = user_login.get_error_message()\n                      ^^^^^^^^^^^^^^^^^^^^^^^^^^^^^^\npages\\login_page.py:41: in get_error_message\n    message = self.get_text(self.INVALID_CREDENTIALS)\n              ^^^^^^^^^^^^^^^^^^^^^^^^^^^^^^^^^^^^^^^\npages\\base_page.py:34: in get_text\n    return self.wait_for_element(locator).text\n           ^^^^^^^^^^^^^^^^^^^^^^^^^^^^^^\npages\\base_page.py:18: in wait_for_element\n    element = WebDriverWait(self.driver, self.TIMEOUT).until(\n..\\..\\AppData\\Local\\Programs\\Python\\Python313\\Lib\\site-packages\\selenium\\webdriver\\support\\wait.py:138: in until\n    raise TimeoutException(message, screen, stacktrace)\nE   selenium.common.exceptions.TimeoutException: Message: \nE   Stacktrace:\nE   \tGetHandleVerifier [0x0x7ff6ff42e935+77845]\nE   \tGetHandleVerifier [0x0x7ff6ff42e990+77936]\nE   \t(No symbol) [0x0x7ff6ff1e9cda]\nE   \t(No symbol) [0x0x7ff6ff2406aa]\nE   \t(No symbol) [0x0x7ff6ff24095c]\nE   \t(No symbol) [0x0x7ff6ff293d07]\nE   \t(No symbol) [0x0x7ff6ff26890f]\nE   \t(No symbol) [0x0x7ff6ff290b07]\nE   \t(No symbol) [0x0x7ff6ff2686a3]\nE   \t(No symbol) [0x0x7ff6ff231791]\nE   \t(No symbol) [0x0x7ff6ff232523]\nE   \tGetHandleVerifier [0x0x7ff6ff70684d+3059501]\nE   \tGetHandleVerifier [0x0x7ff6ff700c0d+3035885]\nE   \tGetHandleVerifier [0x0x7ff6ff720400+3164896]\nE   \tGetHandleVerifier [0x0x7ff6ff448c3e+185118]\nE   \tGetHandleVerifier [0x0x7ff6ff45054f+216111]\nE   \tGetHandleVerifier [0x0x7ff6ff4372e4+113092]\nE   \tGetHandleVerifier [0x0x7ff6ff437499+113529]\nE   \tGetHandleVerifier [0x0x7ff6ff41e298+10616]\nE   \t(No symbol) [0x0x7ffcc8a4e8d7]\nE   \tRtlUserThreadStart [0x0x7ffcc9b3c34c+44]\n\n------------------------------ Captured log setup ------------------------------\nINFO     test_logger:conftest.py:24 ------ Starting browser session ------\nINFO     test_logger:conftest.py:33 Navigating to: https://opensource-demo.orangehrmlive.com/web/index.php/auth/login\n\n------------------------------ Captured log call -------------------------------\nINFO     test_logger:test_login.py:36 Attempting login with empty credentials.\nINFO     test_logger:login_page.py:21 User is entering the username\nINFO     test_logger:login_page.py:25 User is entering the password\nINFO     test_logger:login_page.py:29 User clicks on the login button\nERROR    test_logger:base_page.py:22 Timeout waiting for element (&amp;#x27;xpath&amp;#x27;, &amp;quot;//p[text()=&amp;#x27;Invalid credentials&amp;#x27;]&amp;quot;)\nERROR    test_logger:user_login.py:33 Unexpected exception occurred during invalid login test: Message: \nStacktrace:\n\tGetHandleVerifier [0x0x7ff6ff42e935+77845]\n\tGetHandleVerifier [0x0x7ff6ff42e990+77936]\n\t(No symbol) [0x0x7ff6ff1e9cda]\n\t(No symbol) [0x0x7ff6ff2406aa]\n\t(No symbol) [0x0x7ff6ff24095c]\n\t(No symbol) [0x0x7ff6ff293d07]\n\t(No symbol) [0x0x7ff6ff26890f]\n\t(No symbol) [0x0x7ff6ff290b07]\n\t(No symbol) [0x0x7ff6ff2686a3]\n\t(No symbol) [0x0x7ff6ff231791]\n\t(No symbol) [0x0x7ff6ff232523]\n\tGetHandleVerifier [0x0x7ff6ff70684d+3059501]\n\tGetHandleVerifier [0x0x7ff6ff700c0d+3035885]\n\tGetHandleVerifier [0x0x7ff6ff720400+3164896]\n\tGetHandleVerifier [0x0x7ff6ff448c3e+185118]\n\tGetHandleVerifier [0x0x7ff6ff45054f+216111]\n\tGetHandleVerifier [0x0x7ff6ff4372e4+113092]\n\tGetHandleVerifier [0x0x7ff6ff437499+113529]\n\tGetHandleVerifier [0x0x7ff6ff41e298+10616]\n\t(No symbol) [0x0x7ffcc8a4e8d7]\n\tRtlUserThreadStart [0x0x7ffcc9b3c34c+44]\nTraceback (most recent call last):\n  File &amp;quot;C:\\Users\\Reethu_Thomas\\PycharmProjects\\PyTestFramework_UI\\helpers\\user_login.py&amp;quot;, line 30, in perform_invalid_login\n    error_displayed = user_login.get_error_message()\n  File &amp;quot;C:\\Users\\Reethu_Thomas\\PycharmProjects\\PyTestFramework_UI\\pages\\login_page.py&amp;quot;, line 41, in get_error_message\n    message = self.get_text(self.INVALID_CREDENTIALS)\n  File &amp;quot;C:\\Users\\Reethu_Thomas\\PycharmProjects\\PyTestFramework_UI\\pages\\base_page.py&amp;quot;, line 34, in get_text\n    return self.wait_for_element(locator).text\n           ~~~~~~~~~~~~~~~~~~~~~^^^^^^^^^\n  File &amp;quot;C:\\Users\\Reethu_Thomas\\PycharmProjects\\PyTestFramework_UI\\pages\\base_page.py&amp;quot;, line 18, in wait_for_element\n    element = WebDriverWait(self.driver, self.TIMEOUT).until(\n        EC.visibility_of_element_located(locator))\n  File &amp;quot;C:\\Users\\Reethu_Thomas\\AppData\\Local\\Programs\\Python\\Python313\\Lib\\site-packages\\selenium\\webdriver\\support\\wait.py&amp;quot;, line 138, in until\n    raise TimeoutException(message, screen, stacktrace)\nselenium.common.exceptions.TimeoutException: Message: \nStacktrace:\n\tGetHandleVerifier [0x0x7ff6ff42e935+77845]\n\tGetHandleVerifier [0x0x7ff6ff42e990+77936]\n\t(No symbol) [0x0x7ff6ff1e9cda]\n\t(No symbol) [0x0x7ff6ff2406aa]\n\t(No symbol) [0x0x7ff6ff24095c]\n\t(No symbol) [0x0x7ff6ff293d07]\n\t(No symbol) [0x0x7ff6ff26890f]\n\t(No symbol) [0x0x7ff6ff290b07]\n\t(No symbol) [0x0x7ff6ff2686a3]\n\t(No symbol) [0x0x7ff6ff231791]\n\t(No symbol) [0x0x7ff6ff232523]\n\tGetHandleVerifier [0x0x7ff6ff70684d+3059501]\n\tGetHandleVerifier [0x0x7ff6ff700c0d+3035885]\n\tGetHandleVerifier [0x0x7ff6ff720400+3164896]\n\tGetHandleVerifier [0x0x7ff6ff448c3e+185118]\n\tGetHandleVerifier [0x0x7ff6ff45054f+216111]\n\tGetHandleVerifier [0x0x7ff6ff4372e4+113092]\n\tGetHandleVerifier [0x0x7ff6ff437499+113529]\n\tGetHandleVerifier [0x0x7ff6ff41e298+10616]\n\t(No symbol) [0x0x7ffcc8a4e8d7]\n\tRtlUserThreadStart [0x0x7ffcc9b3c34c+44]\n\n---------------------------- Captured log teardown -----------------------------\nINFO     test_logger:conftest.py:37 ------ Closing browser session ------&#34;}], &#34;tests/test_login.py::TestLogin::test_login_with_empty_credentials[edge]&#34;: [{&#34;extras&#34;: [{&#34;name&#34;: &#34;Image&#34;, &#34;format_type&#34;: &#34;image&#34;, &#34;content&#34;: &#34;screenshots\\test_login_with_empty_credentials[edge]_2025-07-25_18-29-39.png&#34;, &#34;mime_type&#34;: &#34;image/png&#34;, &#34;extension&#34;: &#34;png&#34;}], &#34;result&#34;: &#34;Failed&#34;, &#34;testId&#34;: &#34;tests/test_login.py::TestLogin::test_login_with_empty_credentials[edge]&#34;, &#34;duration&#34;: &#34;00:00:19&#34;, &#34;resultsTableRow&#34;: [&#34;&lt;td class=\&#34;col-result\&#34;&gt;Failed&lt;/td&gt;&#34;, &#34;&lt;td class=\&#34;col-testId\&#34;&gt;tests/test_login.py::TestLogin::test_login_with_empty_credentials[edge]&lt;/td&gt;&#34;, &#34;&lt;td class=\&#34;col-duration\&#34;&gt;00:00:19&lt;/td&gt;&#34;, &#34;&lt;td class=\&#34;col-links\&#34;&gt;&lt;/td&gt;&#34;], &#34;log&#34;: &#34;tests\\test_login.py:37: in test_login_with_empty_credentials\n    perform_invalid_login(driver, &amp;quot;&amp;quot;, &amp;quot;&amp;quot;)\nhelpers\\user_login.py:30: in perform_invalid_login\n    error_displayed = user_login.get_error_message()\n                      ^^^^^^^^^^^^^^^^^^^^^^^^^^^^^^\npages\\login_page.py:41: in get_error_message\n    message = self.get_text(self.INVALID_CREDENTIALS)\n              ^^^^^^^^^^^^^^^^^^^^^^^^^^^^^^^^^^^^^^^\npages\\base_page.py:34: in get_text\n    return self.wait_for_element(locator).text\n           ^^^^^^^^^^^^^^^^^^^^^^^^^^^^^^\npages\\base_page.py:18: in wait_for_element\n    element = WebDriverWait(self.driver, self.TIMEOUT).until(\n..\\..\\AppData\\Local\\Programs\\Python\\Python313\\Lib\\site-packages\\selenium\\webdriver\\support\\wait.py:138: in until\n    raise TimeoutException(message, screen, stacktrace)\nE   selenium.common.exceptions.TimeoutException: Message: \nE   Stacktrace:\nE   \tGetHandleVerifier [0x0x7ff7d68181f5+23461]\nE   \t(No symbol) [0x0x7ff7d676c2e0]\nE   \tGetHandleVerifier [0x0x7ff7d6a90128+2611928]\nE   \t(No symbol) [0x0x7ff7d65891a8]\nE   \t(No symbol) [0x0x7ff7d658946b]\nE   \t(No symbol) [0x0x7ff7d65c9a67]\nE   \t(No symbol) [0x0x7ff7d65aa6ff]\nE   \t(No symbol) [0x0x7ff7d657f58d]\nE   \t(No symbol) [0x0x7ff7d65c754f]\nE   \t(No symbol) [0x0x7ff7d65aa423]\nE   \t(No symbol) [0x0x7ff7d657ea86]\nE   \t(No symbol) [0x0x7ff7d657dd11]\nE   \t(No symbol) [0x0x7ff7d657e8b3]\nE   \t(No symbol) [0x0x7ff7d667dd3d]\nE   \t(No symbol) [0x0x7ff7d668b0c8]\nE   \tGetHandleVerifier [0x0x7ff7d68f803b+940523]\nE   \tGetHandleVerifier [0x0x7ff7d6900d91+976705]\nE   \t(No symbol) [0x0x7ff7d6779ed1]\nE   \t(No symbol) [0x0x7ff7d67728b4]\nE   \t(No symbol) [0x0x7ff7d6772a03]\nE   \t(No symbol) [0x0x7ff7d67644a6]\nE   \t(No symbol) [0x0x7ffcc8a4e8d7]\nE   \tRtlUserThreadStart [0x0x7ffcc9b3c34c+44]\n\n------------------------------ Captured log setup ------------------------------\nINFO     test_logger:conftest.py:24 ------ Starting browser session ------\nINFO     test_logger:conftest.py:33 Navigating to: https://opensource-demo.orangehrmlive.com/web/index.php/auth/login\n\n------------------------------ Captured log call -------------------------------\nINFO     test_logger:test_login.py:36 Attempting login with empty credentials.\nINFO     test_logger:login_page.py:21 User is entering the username\nINFO     test_logger:login_page.py:25 User is entering the password\nINFO     test_logger:login_page.py:29 User clicks on the login button\nERROR    test_logger:base_page.py:22 Timeout waiting for element (&amp;#x27;xpath&amp;#x27;, &amp;quot;//p[text()=&amp;#x27;Invalid credentials&amp;#x27;]&amp;quot;)\nERROR    test_logger:user_login.py:33 Unexpected exception occurred during invalid login test: Message: \nStacktrace:\n\tGetHandleVerifier [0x0x7ff7d68181f5+23461]\n\t(No symbol) [0x0x7ff7d676c2e0]\n\tGetHandleVerifier [0x0x7ff7d6a90128+2611928]\n\t(No symbol) [0x0x7ff7d65891a8]\n\t(No symbol) [0x0x7ff7d658946b]\n\t(No symbol) [0x0x7ff7d65c9a67]\n\t(No symbol) [0x0x7ff7d65aa6ff]\n\t(No symbol) [0x0x7ff7d657f58d]\n\t(No symbol) [0x0x7ff7d65c754f]\n\t(No symbol) [0x0x7ff7d65aa423]\n\t(No symbol) [0x0x7ff7d657ea86]\n\t(No symbol) [0x0x7ff7d657dd11]\n\t(No symbol) [0x0x7ff7d657e8b3]\n\t(No symbol) [0x0x7ff7d667dd3d]\n\t(No symbol) [0x0x7ff7d668b0c8]\n\tGetHandleVerifier [0x0x7ff7d68f803b+940523]\n\tGetHandleVerifier [0x0x7ff7d6900d91+976705]\n\t(No symbol) [0x0x7ff7d6779ed1]\n\t(No symbol) [0x0x7ff7d67728b4]\n\t(No symbol) [0x0x7ff7d6772a03]\n\t(No symbol) [0x0x7ff7d67644a6]\n\t(No symbol) [0x0x7ffcc8a4e8d7]\n\tRtlUserThreadStart [0x0x7ffcc9b3c34c+44]\nTraceback (most recent call last):\n  File &amp;quot;C:\\Users\\Reethu_Thomas\\PycharmProjects\\PyTestFramework_UI\\helpers\\user_login.py&amp;quot;, line 30, in perform_invalid_login\n    error_displayed = user_login.get_error_message()\n  File &amp;quot;C:\\Users\\Reethu_Thomas\\PycharmProjects\\PyTestFramework_UI\\pages\\login_page.py&amp;quot;, line 41, in get_error_message\n    message = self.get_text(self.INVALID_CREDENTIALS)\n  File &amp;quot;C:\\Users\\Reethu_Thomas\\PycharmProjects\\PyTestFramework_UI\\pages\\base_page.py&amp;quot;, line 34, in get_text\n    return self.wait_for_element(locator).text\n           ~~~~~~~~~~~~~~~~~~~~~^^^^^^^^^\n  File &amp;quot;C:\\Users\\Reethu_Thomas\\PycharmProjects\\PyTestFramework_UI\\pages\\base_page.py&amp;quot;, line 18, in wait_for_element\n    element = WebDriverWait(self.driver, self.TIMEOUT).until(\n        EC.visibility_of_element_located(locator))\n  File &amp;quot;C:\\Users\\Reethu_Thomas\\AppData\\Local\\Programs\\Python\\Python313\\Lib\\site-packages\\selenium\\webdriver\\support\\wait.py&amp;quot;, line 138, in until\n    raise TimeoutException(message, screen, stacktrace)\nselenium.common.exceptions.TimeoutException: Message: \nStacktrace:\n\tGetHandleVerifier [0x0x7ff7d68181f5+23461]\n\t(No symbol) [0x0x7ff7d676c2e0]\n\tGetHandleVerifier [0x0x7ff7d6a90128+2611928]\n\t(No symbol) [0x0x7ff7d65891a8]\n\t(No symbol) [0x0x7ff7d658946b]\n\t(No symbol) [0x0x7ff7d65c9a67]\n\t(No symbol) [0x0x7ff7d65aa6ff]\n\t(No symbol) [0x0x7ff7d657f58d]\n\t(No symbol) [0x0x7ff7d65c754f]\n\t(No symbol) [0x0x7ff7d65aa423]\n\t(No symbol) [0x0x7ff7d657ea86]\n\t(No symbol) [0x0x7ff7d657dd11]\n\t(No symbol) [0x0x7ff7d657e8b3]\n\t(No symbol) [0x0x7ff7d667dd3d]\n\t(No symbol) [0x0x7ff7d668b0c8]\n\tGetHandleVerifier [0x0x7ff7d68f803b+940523]\n\tGetHandleVerifier [0x0x7ff7d6900d91+976705]\n\t(No symbol) [0x0x7ff7d6779ed1]\n\t(No symbol) [0x0x7ff7d67728b4]\n\t(No symbol) [0x0x7ff7d6772a03]\n\t(No symbol) [0x0x7ff7d67644a6]\n\t(No symbol) [0x0x7ffcc8a4e8d7]\n\tRtlUserThreadStart [0x0x7ffcc9b3c34c+44]\n\n---------------------------- Captured log teardown -----------------------------\nINFO     test_logger:conftest.py:37 ------ Closing browser session ------&#34;}], &#34;tests/test_login.py::TestLogin::test_forgot_password[chrome]&#34;: [{&#34;extras&#34;: [], &#34;result&#34;: &#34;Passed&#34;, &#34;testId&#34;: &#34;tests/test_login.py::TestLogin::test_forgot_password[chrome]&#34;, &#34;duration&#34;: &#34;00:00:11&#34;, &#34;resultsTableRow&#34;: [&#34;&lt;td class=\&#34;col-result\&#34;&gt;Passed&lt;/td&gt;&#34;, &#34;&lt;td class=\&#34;col-testId\&#34;&gt;tests/test_login.py::TestLogin::test_forgot_password[chrome]&lt;/td&gt;&#34;, &#34;&lt;td class=\&#34;col-duration\&#34;&gt;00:00:11&lt;/td&gt;&#34;, &#34;&lt;td class=\&#34;col-links\&#34;&gt;&lt;/td&gt;&#34;], &#34;log&#34;: &#34;------------------------------ Captured log setup ------------------------------\nINFO     test_logger:conftest.py:24 ------ Starting browser session ------\nINFO     test_logger:conftest.py:33 Navigating to: https://opensource-demo.orangehrmlive.com/web/index.php/auth/login\n\n------------------------------ Captured log call -------------------------------\nINFO     test_logger:test_login.py:43 Verifying forgot password functionality\nINFO     test_logger:login_page.py:33 User clicks on Forgot Password link\nINFO     test_logger:login_page.py:21 User is entering the username\nINFO     test_logger:login_page.py:37 User clicks on Reset password\nINFO     test_logger:login_page.py:55 Reset password link has been sent to the user via email\n\n---------------------------- Captured log teardown -----------------------------\nINFO     test_logger:conftest.py:37 ------ Closing browser session ------&#34;}], &#34;tests/test_login.py::TestLogin::test_forgot_password[edge]&#34;: [{&#34;extras&#34;: [], &#34;result&#34;: &#34;Passed&#34;, &#34;testId&#34;: &#34;tests/test_login.py::TestLogin::test_forgot_password[edge]&#34;, &#34;duration&#34;: &#34;00:00:12&#34;, &#34;resultsTableRow&#34;: [&#34;&lt;td class=\&#34;col-result\&#34;&gt;Passed&lt;/td&gt;&#34;, &#34;&lt;td class=\&#34;col-testId\&#34;&gt;tests/test_login.py::TestLogin::test_forgot_password[edge]&lt;/td&gt;&#34;, &#34;&lt;td class=\&#34;col-duration\&#34;&gt;00:00:12&lt;/td&gt;&#34;, &#34;&lt;td class=\&#34;col-links\&#34;&gt;&lt;/td&gt;&#34;], &#34;log&#34;: &#34;------------------------------ Captured log setup ------------------------------\nINFO     test_logger:conftest.py:24 ------ Starting browser session ------\nINFO     test_logger:conftest.py:33 Navigating to: https://opensource-demo.orangehrmlive.com/web/index.php/auth/login\n\n------------------------------ Captured log call -------------------------------\nINFO     test_logger:test_login.py:43 Verifying forgot password functionality\nINFO     test_logger:login_page.py:33 User clicks on Forgot Password link\nINFO     test_logger:login_page.py:21 User is entering the username\nINFO     test_logger:login_page.py:37 User clicks on Reset password\nINFO     test_logger:login_page.py:55 Reset password link has been sent to the user via email\n\n---------------------------- Captured log teardown -----------------------------\nINFO     test_logger:conftest.py:37 ------ Closing browser session ------&#34;}]}, &#34;renderCollapsed&#34;: [&#34;passed&#34;], &#34;initialSort&#34;: &#34;result&#34;, &#34;title&#34;: &#34;login_test_report.html&#34;}"></div>
    <script>
      (function(){function r(e,n,t){function o(i,f){if(!n[i]){if(!e[i]){var c="function"==typeof require&&require;if(!f&&c)return c(i,!0);if(u)return u(i,!0);var a=new Error("Cannot find module '"+i+"'");throw a.code="MODULE_NOT_FOUND",a}var p=n[i]={exports:{}};e[i][0].call(p.exports,function(r){var n=e[i][1][r];return o(n||r)},p,p.exports,r,e,n,t)}return n[i].exports}for(var u="function"==typeof require&&require,i=0;i<t.length;i++)o(t[i]);return o}return r})()({1:[function(require,module,exports){
const { getCollapsedCategory, setCollapsedIds } = require('./storage.js')

class DataManager {
    setManager(data) {
        const collapsedCategories = [...getCollapsedCategory(data.renderCollapsed)]
        const collapsedIds = []
        const tests = Object.values(data.tests).flat().map((test, index) => {
            const collapsed = collapsedCategories.includes(test.result.toLowerCase())
            const id = `test_${index}`
            if (collapsed) {
                collapsedIds.push(id)
            }
            return {
                ...test,
                id,
                collapsed,
            }
        })
        const dataBlob = { ...data, tests }
        this.data = { ...dataBlob }
        this.renderData = { ...dataBlob }
        setCollapsedIds(collapsedIds)
    }

    get allData() {
        return { ...this.data }
    }

    resetRender() {
        this.renderData = { ...this.data }
    }

    setRender(data) {
        this.renderData.tests = [...data]
    }

    toggleCollapsedItem(id) {
        this.renderData.tests = this.renderData.tests.map((test) =>
            test.id === id ? { ...test, collapsed: !test.collapsed } : test,
        )
    }

    set allCollapsed(collapsed) {
        this.renderData = { ...this.renderData, tests: [...this.renderData.tests.map((test) => (
            { ...test, collapsed }
        ))] }
    }

    get testSubset() {
        return [...this.renderData.tests]
    }

    get environment() {
        return this.renderData.environment
    }

    get initialSort() {
        return this.data.initialSort
    }
}

module.exports = {
    manager: new DataManager(),
}

},{"./storage.js":8}],2:[function(require,module,exports){
const mediaViewer = require('./mediaviewer.js')
const templateEnvRow = document.getElementById('template_environment_row')
const templateResult = document.getElementById('template_results-table__tbody')

function htmlToElements(html) {
    const temp = document.createElement('template')
    temp.innerHTML = html
    return temp.content.childNodes
}

const find = (selector, elem) => {
    if (!elem) {
        elem = document
    }
    return elem.querySelector(selector)
}

const findAll = (selector, elem) => {
    if (!elem) {
        elem = document
    }
    return [...elem.querySelectorAll(selector)]
}

const dom = {
    getStaticRow: (key, value) => {
        const envRow = templateEnvRow.content.cloneNode(true)
        const isObj = typeof value === 'object' && value !== null
        const values = isObj ? Object.keys(value).map((k) => `${k}: ${value[k]}`) : null

        const valuesElement = htmlToElements(
            values ? `<ul>${values.map((val) => `<li>${val}</li>`).join('')}<ul>` : `<div>${value}</div>`)[0]
        const td = findAll('td', envRow)
        td[0].textContent = key
        td[1].appendChild(valuesElement)

        return envRow
    },
    getResultTBody: ({ testId, id, log, extras, resultsTableRow, tableHtml, result, collapsed }) => {
        const resultBody = templateResult.content.cloneNode(true)
        resultBody.querySelector('tbody').classList.add(result.toLowerCase())
        resultBody.querySelector('tbody').id = testId
        resultBody.querySelector('.collapsible').dataset.id = id

        resultsTableRow.forEach((html) => {
            const t = document.createElement('template')
            t.innerHTML = html
            resultBody.querySelector('.collapsible').appendChild(t.content)
        })

        if (log) {
            // Wrap lines starting with "E" with span.error to color those lines red
            const wrappedLog = log.replace(/^E.*$/gm, (match) => `<span class="error">${match}</span>`)
            resultBody.querySelector('.log').innerHTML = wrappedLog
        } else {
            resultBody.querySelector('.log').remove()
        }

        if (collapsed) {
            resultBody.querySelector('.collapsible > td')?.classList.add('collapsed')
            resultBody.querySelector('.extras-row').classList.add('hidden')
        } else {
            resultBody.querySelector('.collapsible > td')?.classList.remove('collapsed')
        }

        const media = []
        extras?.forEach(({ name, format_type, content }) => {
            if (['image', 'video'].includes(format_type)) {
                media.push({ path: content, name, format_type })
            }

            if (format_type === 'html') {
                resultBody.querySelector('.extraHTML').insertAdjacentHTML('beforeend', `<div>${content}</div>`)
            }
        })
        mediaViewer.setup(resultBody, media)

        // Add custom html from the pytest_html_results_table_html hook
        tableHtml?.forEach((item) => {
            resultBody.querySelector('td[class="extra"]').insertAdjacentHTML('beforeend', item)
        })

        return resultBody
    },
}

module.exports = {
    dom,
    htmlToElements,
    find,
    findAll,
}

},{"./mediaviewer.js":6}],3:[function(require,module,exports){
const { manager } = require('./datamanager.js')
const { doSort } = require('./sort.js')
const storageModule = require('./storage.js')

const getFilteredSubSet = (filter) =>
    manager.allData.tests.filter(({ result }) => filter.includes(result.toLowerCase()))

const doInitFilter = () => {
    const currentFilter = storageModule.getVisible()
    const filteredSubset = getFilteredSubSet(currentFilter)
    manager.setRender(filteredSubset)
}

const doFilter = (type, show) => {
    if (show) {
        storageModule.showCategory(type)
    } else {
        storageModule.hideCategory(type)
    }

    const currentFilter = storageModule.getVisible()
    const filteredSubset = getFilteredSubSet(currentFilter)
    manager.setRender(filteredSubset)

    const sortColumn = storageModule.getSort()
    doSort(sortColumn, true)
}

module.exports = {
    doFilter,
    doInitFilter,
}

},{"./datamanager.js":1,"./sort.js":7,"./storage.js":8}],4:[function(require,module,exports){
const { redraw, bindEvents, renderStatic } = require('./main.js')
const { doInitFilter } = require('./filter.js')
const { doInitSort } = require('./sort.js')
const { manager } = require('./datamanager.js')
const data = JSON.parse(document.getElementById('data-container').dataset.jsonblob)

function init() {
    manager.setManager(data)
    doInitFilter()
    doInitSort()
    renderStatic()
    redraw()
    bindEvents()
}

init()

},{"./datamanager.js":1,"./filter.js":3,"./main.js":5,"./sort.js":7}],5:[function(require,module,exports){
const { dom, find, findAll } = require('./dom.js')
const { manager } = require('./datamanager.js')
const { doSort } = require('./sort.js')
const { doFilter } = require('./filter.js')
const {
    getVisible,
    getCollapsedIds,
    setCollapsedIds,
    getSort,
    getSortDirection,
    possibleFilters,
} = require('./storage.js')

const removeChildren = (node) => {
    while (node.firstChild) {
        node.removeChild(node.firstChild)
    }
}

const renderStatic = () => {
    const renderEnvironmentTable = () => {
        const environment = manager.environment
        const rows = Object.keys(environment).map((key) => dom.getStaticRow(key, environment[key]))
        const table = document.getElementById('environment')
        removeChildren(table)
        rows.forEach((row) => table.appendChild(row))
    }
    renderEnvironmentTable()
}

const addItemToggleListener = (elem) => {
    elem.addEventListener('click', ({ target }) => {
        const id = target.parentElement.dataset.id
        manager.toggleCollapsedItem(id)

        const collapsedIds = getCollapsedIds()
        if (collapsedIds.includes(id)) {
            const updated = collapsedIds.filter((item) => item !== id)
            setCollapsedIds(updated)
        } else {
            collapsedIds.push(id)
            setCollapsedIds(collapsedIds)
        }
        redraw()
    })
}

const renderContent = (tests) => {
    const sortAttr = getSort(manager.initialSort)
    const sortAsc = JSON.parse(getSortDirection())
    const rows = tests.map(dom.getResultTBody)
    const table = document.getElementById('results-table')
    const tableHeader = document.getElementById('results-table-head')

    const newTable = document.createElement('table')
    newTable.id = 'results-table'

    // remove all sorting classes and set the relevant
    findAll('.sortable', tableHeader).forEach((elem) => elem.classList.remove('asc', 'desc'))
    tableHeader.querySelector(`.sortable[data-column-type="${sortAttr}"]`)?.classList.add(sortAsc ? 'desc' : 'asc')
    newTable.appendChild(tableHeader)

    if (!rows.length) {
        const emptyTable = document.getElementById('template_results-table__body--empty').content.cloneNode(true)
        newTable.appendChild(emptyTable)
    } else {
        rows.forEach((row) => {
            if (!!row) {
                findAll('.collapsible td:not(.col-links', row).forEach(addItemToggleListener)
                find('.logexpander', row).addEventListener('click',
                    (evt) => evt.target.parentNode.classList.toggle('expanded'),
                )
                newTable.appendChild(row)
            }
        })
    }

    table.replaceWith(newTable)
}

const renderDerived = () => {
    const currentFilter = getVisible()
    possibleFilters.forEach((result) => {
        const input = document.querySelector(`input[data-test-result="${result}"]`)
        input.checked = currentFilter.includes(result)
    })
}

const bindEvents = () => {
    const filterColumn = (evt) => {
        const { target: element } = evt
        const { testResult } = element.dataset

        doFilter(testResult, element.checked)
        const collapsedIds = getCollapsedIds()
        const updated = manager.renderData.tests.map((test) => {
            return {
                ...test,
                collapsed: collapsedIds.includes(test.id),
            }
        })
        manager.setRender(updated)
        redraw()
    }

    const header = document.getElementById('environment-header')
    header.addEventListener('click', () => {
        const table = document.getElementById('environment')
        table.classList.toggle('hidden')
        header.classList.toggle('collapsed')
    })

    findAll('input[name="filter_checkbox"]').forEach((elem) => {
        elem.addEventListener('click', filterColumn)
    })

    findAll('.sortable').forEach((elem) => {
        elem.addEventListener('click', (evt) => {
            const { target: element } = evt
            const { columnType } = element.dataset
            doSort(columnType)
            redraw()
        })
    })

    document.getElementById('show_all_details').addEventListener('click', () => {
        manager.allCollapsed = false
        setCollapsedIds([])
        redraw()
    })
    document.getElementById('hide_all_details').addEventListener('click', () => {
        manager.allCollapsed = true
        const allIds = manager.renderData.tests.map((test) => test.id)
        setCollapsedIds(allIds)
        redraw()
    })
}

const redraw = () => {
    const { testSubset } = manager

    renderContent(testSubset)
    renderDerived()
}

module.exports = {
    redraw,
    bindEvents,
    renderStatic,
}

},{"./datamanager.js":1,"./dom.js":2,"./filter.js":3,"./sort.js":7,"./storage.js":8}],6:[function(require,module,exports){
class MediaViewer {
    constructor(assets) {
        this.assets = assets
        this.index = 0
    }

    nextActive() {
        this.index = this.index === this.assets.length - 1 ? 0 : this.index + 1
        return [this.activeFile, this.index]
    }

    prevActive() {
        this.index = this.index === 0 ? this.assets.length - 1 : this.index -1
        return [this.activeFile, this.index]
    }

    get currentIndex() {
        return this.index
    }

    get activeFile() {
        return this.assets[this.index]
    }
}


const setup = (resultBody, assets) => {
    if (!assets.length) {
        resultBody.querySelector('.media').classList.add('hidden')
        return
    }

    const mediaViewer = new MediaViewer(assets)
    const container = resultBody.querySelector('.media-container')
    const leftArrow = resultBody.querySelector('.media-container__nav--left')
    const rightArrow = resultBody.querySelector('.media-container__nav--right')
    const mediaName = resultBody.querySelector('.media__name')
    const counter = resultBody.querySelector('.media__counter')
    const imageEl = resultBody.querySelector('img')
    const sourceEl = resultBody.querySelector('source')
    const videoEl = resultBody.querySelector('video')

    const setImg = (media, index) => {
        if (media?.format_type === 'image') {
            imageEl.src = media.path

            imageEl.classList.remove('hidden')
            videoEl.classList.add('hidden')
        } else if (media?.format_type === 'video') {
            sourceEl.src = media.path

            videoEl.classList.remove('hidden')
            imageEl.classList.add('hidden')
        }

        mediaName.innerText = media?.name
        counter.innerText = `${index + 1} / ${assets.length}`
    }
    setImg(mediaViewer.activeFile, mediaViewer.currentIndex)

    const moveLeft = () => {
        const [media, index] = mediaViewer.prevActive()
        setImg(media, index)
    }
    const doRight = () => {
        const [media, index] = mediaViewer.nextActive()
        setImg(media, index)
    }
    const openImg = () => {
        window.open(mediaViewer.activeFile.path, '_blank')
    }
    if (assets.length === 1) {
        container.classList.add('media-container--fullscreen')
    } else {
        leftArrow.addEventListener('click', moveLeft)
        rightArrow.addEventListener('click', doRight)
    }
    imageEl.addEventListener('click', openImg)
}

module.exports = {
    setup,
}

},{}],7:[function(require,module,exports){
const { manager } = require('./datamanager.js')
const storageModule = require('./storage.js')

const genericSort = (list, key, ascending, customOrder) => {
    let sorted
    if (customOrder) {
        sorted = list.sort((a, b) => {
            const aValue = a.result.toLowerCase()
            const bValue = b.result.toLowerCase()

            const aIndex = customOrder.findIndex((item) => item.toLowerCase() === aValue)
            const bIndex = customOrder.findIndex((item) => item.toLowerCase() === bValue)

            // Compare the indices to determine the sort order
            return aIndex - bIndex
        })
    } else {
        sorted = list.sort((a, b) => a[key] === b[key] ? 0 : a[key] > b[key] ? 1 : -1)
    }

    if (ascending) {
        sorted.reverse()
    }
    return sorted
}

const durationSort = (list, ascending) => {
    const parseDuration = (duration) => {
        if (duration.includes(':')) {
            // If it's in the format "HH:mm:ss"
            const [hours, minutes, seconds] = duration.split(':').map(Number)
            return (hours * 3600 + minutes * 60 + seconds) * 1000
        } else {
            // If it's in the format "nnn ms"
            return parseInt(duration)
        }
    }
    const sorted = list.sort((a, b) => parseDuration(a['duration']) - parseDuration(b['duration']))
    if (ascending) {
        sorted.reverse()
    }
    return sorted
}

const doInitSort = () => {
    const type = storageModule.getSort(manager.initialSort)
    const ascending = storageModule.getSortDirection()
    const list = manager.testSubset
    const initialOrder = ['Error', 'Failed', 'Rerun', 'XFailed', 'XPassed', 'Skipped', 'Passed']

    storageModule.setSort(type)
    storageModule.setSortDirection(ascending)

    if (type?.toLowerCase() === 'original') {
        manager.setRender(list)
    } else {
        let sortedList
        switch (type) {
        case 'duration':
            sortedList = durationSort(list, ascending)
            break
        case 'result':
            sortedList = genericSort(list, type, ascending, initialOrder)
            break
        default:
            sortedList = genericSort(list, type, ascending)
            break
        }
        manager.setRender(sortedList)
    }
}

const doSort = (type, skipDirection) => {
    const newSortType = storageModule.getSort(manager.initialSort) !== type
    const currentAsc = storageModule.getSortDirection()
    let ascending
    if (skipDirection) {
        ascending = currentAsc
    } else {
        ascending = newSortType ? false : !currentAsc
    }
    storageModule.setSort(type)
    storageModule.setSortDirection(ascending)

    const list = manager.testSubset
    const sortedList = type === 'duration' ? durationSort(list, ascending) : genericSort(list, type, ascending)
    manager.setRender(sortedList)
}

module.exports = {
    doInitSort,
    doSort,
}

},{"./datamanager.js":1,"./storage.js":8}],8:[function(require,module,exports){
const possibleFilters = [
    'passed',
    'skipped',
    'failed',
    'error',
    'xfailed',
    'xpassed',
    'rerun',
]

const getVisible = () => {
    const url = new URL(window.location.href)
    const settings = new URLSearchParams(url.search).get('visible')
    const lower = (item) => {
        const lowerItem = item.toLowerCase()
        if (possibleFilters.includes(lowerItem)) {
            return lowerItem
        }
        return null
    }
    return settings === null ?
        possibleFilters :
        [...new Set(settings?.split(',').map(lower).filter((item) => item))]
}

const hideCategory = (categoryToHide) => {
    const url = new URL(window.location.href)
    const visibleParams = new URLSearchParams(url.search).get('visible')
    const currentVisible = visibleParams ? visibleParams.split(',') : [...possibleFilters]
    const settings = [...new Set(currentVisible)].filter((f) => f !== categoryToHide).join(',')

    url.searchParams.set('visible', settings)
    window.history.pushState({}, null, unescape(url.href))
}

const showCategory = (categoryToShow) => {
    if (typeof window === 'undefined') {
        return
    }
    const url = new URL(window.location.href)
    const currentVisible = new URLSearchParams(url.search).get('visible')?.split(',').filter(Boolean) ||
        [...possibleFilters]
    const settings = [...new Set([categoryToShow, ...currentVisible])]
    const noFilter = possibleFilters.length === settings.length || !settings.length

    noFilter ? url.searchParams.delete('visible') : url.searchParams.set('visible', settings.join(','))
    window.history.pushState({}, null, unescape(url.href))
}

const getSort = (initialSort) => {
    const url = new URL(window.location.href)
    let sort = new URLSearchParams(url.search).get('sort')
    if (!sort) {
        sort = initialSort || 'result'
    }
    return sort
}

const setSort = (type) => {
    const url = new URL(window.location.href)
    url.searchParams.set('sort', type)
    window.history.pushState({}, null, unescape(url.href))
}

const getCollapsedCategory = (renderCollapsed) => {
    let categories
    if (typeof window !== 'undefined') {
        const url = new URL(window.location.href)
        const collapsedItems = new URLSearchParams(url.search).get('collapsed')
        switch (true) {
        case !renderCollapsed && collapsedItems === null:
            categories = ['passed']
            break
        case collapsedItems?.length === 0 || /^["']{2}$/.test(collapsedItems):
            categories = []
            break
        case /^all$/.test(collapsedItems) || collapsedItems === null && /^all$/.test(renderCollapsed):
            categories = [...possibleFilters]
            break
        default:
            categories = collapsedItems?.split(',').map((item) => item.toLowerCase()) || renderCollapsed
            break
        }
    } else {
        categories = []
    }
    return categories
}

const getSortDirection = () => JSON.parse(sessionStorage.getItem('sortAsc')) || false
const setSortDirection = (ascending) => sessionStorage.setItem('sortAsc', ascending)

const getCollapsedIds = () => JSON.parse(sessionStorage.getItem('collapsedIds')) || []
const setCollapsedIds = (list) => sessionStorage.setItem('collapsedIds', JSON.stringify(list))

module.exports = {
    getVisible,
    hideCategory,
    showCategory,
    getCollapsedIds,
    setCollapsedIds,
    getSort,
    setSort,
    getSortDirection,
    setSortDirection,
    getCollapsedCategory,
    possibleFilters,
}

},{}]},{},[4]);
    </script>
  </footer>
</html>